// Spring Shell 1.0.0.RELEASE log opened at 2017-10-30 18:14:43
anlz /blah/cc/ddf
quit
// Spring Shell 1.0.0.RELEASE log closed at 2017-10-30 18:20:07
// Spring Shell 1.0.0.RELEASE log opened at 2017-10-30 18:20:20
anlz hey
quit
// Spring Shell 1.0.0.RELEASE log closed at 2017-10-30 19:54:03
// Spring Shell 1.0.0.RELEASE log opened at 2017-10-30 19:54:15
anlz a
quit
// Spring Shell 1.0.0.RELEASE log closed at 2017-10-30 20:01:06
// Spring Shell 1.0.0.RELEASE log opened at 2017-10-30 20:01:17
anlz a
quit
// Spring Shell 1.0.0.RELEASE log closed at 2017-10-30 20:02:42
// Spring Shell 1.0.0.RELEASE log opened at 2017-10-30 20:02:53
anlz a
quit
// Spring Shell 1.0.0.RELEASE log closed at 2017-10-30 20:05:54
// Spring Shell 1.0.0.RELEASE log opened at 2017-10-30 20:06:07
anlz /home/ubuntu/2techo/dev/th/folder-analyzer/folders
anlz /home/ubuntu/2techo/dev/th/folder-analyzer/folders
// Spring Shell 1.0.0.RELEASE log opened at 2017-10-30 20:08:21
anlz /home/ubuntu/2techo/dev/th/folder-analyzer/folders
quit
// Spring Shell 1.0.0.RELEASE log closed at 2017-10-30 20:08:59
// Spring Shell 1.0.0.RELEASE log opened at 2017-10-30 20:09:10
anlz /home/ubuntu/2techo/dev/th/folder-analyzer/folders
anlz /home/ubuntu/2techo/dev
quit
// Spring Shell 1.0.0.RELEASE log closed at 2017-10-30 20:32:03
// Spring Shell 1.0.0.RELEASE log opened at 2017-10-30 20:32:17
// Spring Shell 1.0.0.RELEASE log opened at 2017-10-30 20:45:27
anlz /home/ubuntu/2techo/dev/th/folder-analyzer/folders
quit
// Spring Shell 1.0.0.RELEASE log closed at 2017-10-30 20:47:17
// Spring Shell 1.0.0.RELEASE log opened at 2017-10-30 20:47:31
anlz /home/ubuntu/2techo/dev/th/folder-analyzer/folders
quit
// Spring Shell 1.0.0.RELEASE log closed at 2017-10-30 20:48:20
// Spring Shell 1.0.0.RELEASE log opened at 2017-10-30 20:48:34
anlz /home/ubuntu/2techo/dev
help
date
anlz /home/ubuntu/2techo/dev/th/folder-analyzer/folders
exit
// Spring Shell 1.0.0.RELEASE log closed at 2017-11-22 14:21:31
// Spring Shell 1.0.0.RELEASE log opened at 2017-11-22 14:22:58
anlz /home/ubuntu/2techo/dev/th/folder-analyzer/folders
exit
// Spring Shell 1.0.0.RELEASE log closed at 2017-11-22 14:40:03
// Spring Shell 1.0.0.RELEASE log opened at 2017-11-22 14:40:27
anlz /home/ubuntu/2techo/dev/th/folder-analyzer/folders
exit
// Spring Shell 1.0.0.RELEASE log closed at 2017-11-22 14:41:26
// Spring Shell 1.0.0.RELEASE log opened at 2017-11-22 14:50:23
anlz /home/ubuntu/2techo/dev/th/folder-analyzer/folders
exit
// Spring Shell 1.0.0.RELEASE log closed at 2017-11-22 14:50:51
// Spring Shell 1.0.0.RELEASE log opened at 2017-11-22 14:58:04
anlz /home/ubuntu/2techo/dev/th/folder-analyzer/folders
exit
// Spring Shell 1.0.0.RELEASE log closed at 2017-11-22 14:58:11
// Spring Shell 1.0.0.RELEASE log opened at 2017-11-22 15:01:48
anlz /home/ubuntu/2techo/dev/th/folder-analyzer/folders
exit
// Spring Shell 1.0.0.RELEASE log closed at 2017-11-22 15:02:00
// Spring Shell 1.0.0.RELEASE log opened at 2017-11-22 15:05:59
anlz /home/ubuntu/2techo/dev/th/folder-analyzer/folders
exit
// Spring Shell 1.0.0.RELEASE log closed at 2017-11-22 15:06:05
// Spring Shell 1.0.0.RELEASE log opened at 2017-11-22 15:08:53
anlz /home/ubuntu/2techo/dev/th/folder-analyzer/folders
exit
// Spring Shell 1.0.0.RELEASE log closed at 2017-11-22 15:09:01
// Spring Shell 1.0.0.RELEASE log opened at 2017-11-22 15:09:41
anlz /home/ubuntu/2techo/dev/th/folder-analyzer/folders
exit
// Spring Shell 1.0.0.RELEASE log closed at 2017-11-22 15:09:47
// Spring Shell 1.0.0.RELEASE log opened at 2017-11-22 15:12:25
anlz /home/ubuntu/2techo/dev/th/folder-analyzer/folders
exit
// Spring Shell 1.0.0.RELEASE log closed at 2017-11-22 15:12:30
// Spring Shell 1.0.0.RELEASE log opened at 2017-11-22 15:13:00
anlz /home/ubuntu/2techo/dev/th/folder-analyzer/folders
exit
// Spring Shell 1.0.0.RELEASE log closed at 2017-11-22 15:13:15
// Spring Shell 1.0.0.RELEASE log opened at 2017-11-22 15:34:28
anlz /home/ubuntu/2techo/dev/th/folder-analyzer/folders
anlz /home/ubuntu/2techo/dev/th/folder-analyzer/folders
exit
// Spring Shell 1.0.0.RELEASE log closed at 2017-11-22 15:38:40
// Spring Shell 1.0.0.RELEASE log opened at 2017-11-22 15:38:56
anlz /home/ubuntu/2techo/dev/th/folder-analyzer/folders
exit
// Spring Shell 1.0.0.RELEASE log closed at 2017-11-22 15:40:04
// Spring Shell 1.0.0.RELEASE log opened at 2017-11-22 15:51:31
anlz /home/ubuntu/2techo/dev/th/folder-analyzer/folders
exit
// Spring Shell 1.0.0.RELEASE log closed at 2017-11-22 15:51:37
// Spring Shell 1.0.0.RELEASE log opened at 2017-11-23 01:03:06
anlz /home/ubuntu/2techo/dev/th/folder-analyzer/folders
anlz /home/ubuntu/2techo/dev/th/folder-analyzer
exit
// Spring Shell 1.0.0.RELEASE log closed at 2017-11-23 01:09:17
// Spring Shell 1.0.0.RELEASE log opened at 2017-11-23 01:09:31
anlz /home/ubuntu/2techo/dev/th/folder-analyzer
anlz /home/ubuntu/2techo/dev/th/folder-analyzer/folders
anlz /home/ubuntu/2techo/dev/th/folder-analyzer/folders
exit
// Spring Shell 1.0.0.RELEASE log closed at 2017-11-23 01:12:26
// Spring Shell 1.0.0.RELEASE log opened at 2017-11-23 01:12:45
anlz /home/ubuntu/2techo/dev/th/folder-analyzer/folders
exit
// Spring Shell 1.0.0.RELEASE log closed at 2017-11-23 01:14:12
// Spring Shell 1.0.0.RELEASE log opened at 2017-11-23 01:14:23
anlz /home/ubuntu/2techo/dev/th/folder-analyzer/folders
anlz /home/ubuntu/2techo/dev/th/folder-analyzer/folders
exit
// Spring Shell 1.0.0.RELEASE log closed at 2017-11-23 01:18:24
// Spring Shell 1.0.0.RELEASE log opened at 2017-11-23 01:18:34
anlz /home/ubuntu/2techo/dev/th/folder-analyzer/folders
exit
// Spring Shell 1.0.0.RELEASE log closed at 2017-11-23 01:33:14
// Spring Shell 1.0.0.RELEASE log opened at 2017-11-23 01:33:24
anlz /home/ubuntu/2techo/dev/th/folder-analyzer/folders
anlz /home/ubuntu/2techo/dev/th/folder-analyzer
anlz /home/ubuntu/2techo/dev/th/folder-analyzer/folders
exit
// Spring Shell 1.0.0.RELEASE log closed at 2017-11-23 01:38:28
// Spring Shell 1.0.0.RELEASE log opened at 2017-11-23 01:38:43
anlz /home/ubuntu/2techo/dev/th/folder-analyzer/folders
anlz /home/ubuntu/2techo/dev/th/folder-analyzer/folders
exit
// Spring Shell 1.0.0.RELEASE log closed at 2017-11-23 01:40:05
// Spring Shell 1.0.0.RELEASE log opened at 2017-11-23 01:40:23
anlz /home/ubuntu/2techo/dev/th/folder-analyzer/folders
exit
// Spring Shell 1.0.0.RELEASE log closed at 2017-11-23 01:41:04
// Spring Shell 1.0.0.RELEASE log opened at 2017-11-23 01:41:15
anlz /home/ubuntu/2techo/dev/th/folder-analyzer/folders
anlz /home/ubuntu/2techo/dev/th/folder-analyzer/folders
anlz /home/ubuntu/2techo/dev/th/folder-analyzer/folders
anlz /home/ubuntu/2techo/dev/th/folder-analyzer/folders
exit
// Spring Shell 1.0.0.RELEASE log closed at 2017-11-23 01:53:46
// Spring Shell 1.0.0.RELEASE log opened at 2017-11-23 01:53:55
exit
// Spring Shell 1.0.0.RELEASE log closed at 2017-11-23 13:14:24
// Spring Shell 1.0.0.RELEASE log opened at 2017-11-23 13:14:37
anlz /home/ubuntu/2techo/dev/th/folder-analyzer/folders
anlz /home/ubuntu/2techo/dev/th/folder-analyzer/folders
exit
// Spring Shell 1.0.0.RELEASE log closed at 2017-11-23 13:17:54
// Spring Shell 1.0.0.RELEASE log opened at 2017-11-23 13:18:05
anlz /home/ubuntu/2techo/dev/th/folder-analyzer/folders
exit
// Spring Shell 1.0.0.RELEASE log closed at 2017-11-23 19:18:16
// Spring Shell 1.0.0.RELEASE log opened at 2017-11-23 19:18:30
anlz /home/ubuntu/2techo/dev/th/folder-analyzer/folders
exit
// Spring Shell 1.0.0.RELEASE log closed at 2017-11-23 19:18:46
// Spring Shell 1.0.0.RELEASE log opened at 2017-11-23 19:19:05
anlz /home/ubuntu/2techo/dev/th/folder-analyzer/folders
anlz /home/ubuntu/2techo/dev/th/folder-analyzer/folders
exit
// Spring Shell 1.0.0.RELEASE log closed at 2017-11-23 19:29:43
// Spring Shell 1.0.0.RELEASE log opened at 2017-11-23 19:29:47
exit
// Spring Shell 1.0.0.RELEASE log closed at 2017-11-23 19:29:49
// Spring Shell 1.0.0.RELEASE log opened at 2017-11-23 19:30:00
anlz /home/ubuntu/2techo/dev/th/folder-analyzer/folders
exit
// Spring Shell 1.0.0.RELEASE log closed at 2017-11-23 19:43:14
// Spring Shell 1.0.0.RELEASE log opened at 2017-11-23 19:43:26
anlz /home/ubuntu/2techo/dev/th/folder-analyzer/folders
exit
// Spring Shell 1.0.0.RELEASE log closed at 2017-11-23 19:44:25
// Spring Shell 1.0.0.RELEASE log opened at 2017-11-23 19:44:35
anlz /home/ubuntu/2techo/dev/th/folder-analyzer/folders
exit
// Spring Shell 1.0.0.RELEASE log closed at 2017-11-23 19:47:17
// Spring Shell 1.0.0.RELEASE log opened at 2017-11-23 19:47:36
anlz /home/ubuntu/2techo/dev/th/folder-analyzer/folders
exit
// Spring Shell 1.0.0.RELEASE log closed at 2017-11-23 19:50:36
// Spring Shell 1.0.0.RELEASE log opened at 2017-11-23 19:50:46
anlz /home/ubuntu/2techo/dev/th/folder-analyzer/folders
exit
// Spring Shell 1.0.0.RELEASE log closed at 2017-11-23 19:53:48
// Spring Shell 1.0.0.RELEASE log opened at 2017-11-23 19:53:57
anlz /home/ubuntu/2techo/dev/th/folder-analyzer/folders
exit
// Spring Shell 1.0.0.RELEASE log closed at 2017-11-23 20:08:40
// Spring Shell 1.0.0.RELEASE log opened at 2017-11-23 20:08:58
anlz /home/ubuntu/2techo/dev/th/folder-analyzer/folders
exit
// Spring Shell 1.0.0.RELEASE log closed at 2017-11-23 20:12:34
// Spring Shell 1.0.0.RELEASE log opened at 2017-11-23 20:12:44
anlz /home/ubuntu/2techo/dev/th/folder-analyzer/folders
anlz /home/ubuntu/2techo/dev/th/folder-analyzer
anlz /home/ubuntu/2techo/dev/th
anlz /home/ubuntu/2techo/dev
anlz /home/ubuntu/2techo
exit
// Spring Shell 1.0.0.RELEASE log closed at 2017-11-23 20:56:45
// Spring Shell 1.0.0.RELEASE log opened at 2017-11-23 20:56:57
help
help anlz
anlz /home/ubuntu/2techo/dev/th/folder-analyzer
anlz /home/ubuntu/2techo/dev/th/folder-analyzer 2017-10-30
help anlz
anlz /home/ubuntu/2techo/dev/th/folder-analyzer --date 2017-10-30
exit
// Spring Shell 1.0.0.RELEASE log closed at 2017-11-23 21:09:05
// Spring Shell 1.0.0.RELEASE log opened at 2017-11-23 21:09:17
anlz /home/ubuntu/2techo/dev/th/folder-analyzer --date 2017-10-30
anlz /home/ubuntu/2techo/dev/th/folder-analyzer --date 2017-10-30
anlz /home/ubuntu/2techo/dev/th/folder-analyzer/folders --date 2017-10-30
anlz /home/ubuntu/2techo/dev/th/folder-analyzer/folders --date 2017-10-29
exit
// Spring Shell 1.0.0.RELEASE log closed at 2017-11-23 21:17:50
// Spring Shell 1.0.0.RELEASE log opened at 2017-11-23 21:18:01
anlz /home/ubuntu/2techo/dev/th/folder-analyzer/folders --date 2017-10-29
anlz /home/ubuntu/2techo/dev/th/folder-analyzer/folders --date 2017-10-30
anlz /home/ubuntu/2techo/dev/th/folder-analyzer/folders --date 2017-10-31
anlz /home/ubuntu/2techo/dev/th --date 2017-10-30
anlz /home/ubuntu/2techo/dev/th --date 2017-10
anlz /home/ubuntu/2techo/dev/th/folder-analyzer/folders --date 2017-10
anlz /home/ubuntu/2techo/dev/th/folder-analyzer/folders 
help
anlz help
anlz ggg
help
exit
// Spring Shell 1.0.0.RELEASE log closed at 2017-11-23 21:31:03
// Spring Shell 1.0.0.RELEASE log opened at 2017-11-23 21:31:20
anlz ddd
anlz dddsd
exit
// Spring Shell 1.0.0.RELEASE log closed at 2017-11-23 21:32:21
// Spring Shell 1.0.0.RELEASE log opened at 2017-11-23 21:32:32
anlz dd
anlz /home/ubuntu/2techo/dev/th/folder-analyzer/folders 
exit
// Spring Shell 1.0.0.RELEASE log closed at 2017-11-23 21:34:37
// Spring Shell 1.0.0.RELEASE log opened at 2017-11-23 21:34:49
help
anlz folder
anlz /home/ubuntu/2techo/dev/th/folder-analyzer/folders 
anlz /home/ubuntu/2techo/dev/th/folder-analyzer/folders -date 2017-10-29
anlz /home/ubuntu/2techo/dev/th/folder-analyzer/folders --date 2017-10-29
anlz /home/ubuntu/2techo/dev/th/folder-analyzer/folders --date 2017-10-31
anlz /home/ubuntu/2techo/dev/th/folder-analyzer/folders --date 2017-10-30
anlz /home/ubuntu/2techo/dev/th/folder-analyzer/folders --date 2017-10-30
anlz /home/ubuntu/2techo/dev/th/folder-analyzer/folders --date 2017-10-29
anlz /home/ubuntu/2techo/dev/th/folder-analyzer/folders
exit
// Spring Shell 1.0.0.RELEASE log closed at 2017-11-23 22:08:27
// Spring Shell 1.0.0.RELEASE log opened at 2017-11-23 22:08:40
anlz /home/ubuntu/2techo/dev/th/folder-analyzer/folders
anlz /home/ubuntu/2techo/dev/th/folder-analyzer/folders --date 2017-10-29
anlz /home/ubuntu/2techo/dev/th/folder-analyzer/folders --date 2017-10-30
anlz /home/ubuntu/2techo/dev/th/folder-analyzer/folders --date 2017-10-30
anlz /home/ubuntu/2techo/dev/th/folder-analyzer/folders --date 2017-10-29
anlz /home/ubuntu/2techo/dev/th/folder-analyzer/folders
anlz /home
exit
// Spring Shell 1.0.0.RELEASE log closed at 2017-11-24 01:03:29
// Spring Shell 1.0.0.RELEASE log opened at 2017-11-24 01:17:20
help
anlz /home/ubuntu/2techo/dev/th/folder-analyzer/folders
exit
// Spring Shell 1.0.0.RELEASE log closed at 2017-11-24 01:18:43
